0 info it worked if it ends with ok
1 verbose cli [ 'C:\\Program Files\\nodejs\\node.exe',
1 verbose cli   'C:\\Program Files\\nodejs\\node_modules\\npm\\bin\\npm-cli.js',
1 verbose cli   'publish' ]
2 info using npm@3.8.9
3 info using node@v6.2.0
4 verbose publish [ '.' ]
5 silly cache add args [ '.', null ]
6 verbose cache add spec .
7 silly cache add parsed spec Result {
7 silly cache add   raw: '.',
7 silly cache add   scope: null,
7 silly cache add   name: null,
7 silly cache add   rawSpec: '.',
7 silly cache add   spec: 'C:\\www\\svg-converter',
7 silly cache add   type: 'directory' }
8 verbose addLocalDirectory C:\Users\lfalda\AppData\Roaming\npm-cache\png-fallbacks\1.0.0\package.tgz not in flight; packing
9 verbose correctMkdir C:\Users\lfalda\AppData\Roaming\npm-cache correctMkdir not in flight; initializing
10 info lifecycle png-fallbacks@1.0.0~prepublish: png-fallbacks@1.0.0
11 silly lifecycle png-fallbacks@1.0.0~prepublish: no script for prepublish, continuing
12 verbose tar pack [ 'C:\\Users\\lfalda\\AppData\\Roaming\\npm-cache\\png-fallbacks\\1.0.0\\package.tgz',
12 verbose tar pack   'C:\\www\\svg-converter' ]
13 verbose tarball C:\Users\lfalda\AppData\Roaming\npm-cache\png-fallbacks\1.0.0\package.tgz
14 verbose folder C:\www\svg-converter
15 verbose addLocalTarball adding from inside cache C:\Users\lfalda\AppData\Roaming\npm-cache\png-fallbacks\1.0.0\package.tgz
16 verbose correctMkdir C:\Users\lfalda\AppData\Roaming\npm-cache correctMkdir not in flight; initializing
17 silly cache afterAdd png-fallbacks@1.0.0
18 verbose afterAdd C:\Users\lfalda\AppData\Roaming\npm-cache\png-fallbacks\1.0.0\package\package.json not in flight; writing
19 verbose correctMkdir C:\Users\lfalda\AppData\Roaming\npm-cache correctMkdir not in flight; initializing
20 verbose afterAdd C:\Users\lfalda\AppData\Roaming\npm-cache\png-fallbacks\1.0.0\package\package.json written
21 silly publish { name: 'png-fallbacks',
21 silly publish   version: '1.0.0',
21 silly publish   description: '"# svg-converter"',
21 silly publish   main: 'png-fallbacks.js',
21 silly publish   scripts: { test: 'gulp --gulpfile=index.js' },
21 silly publish   author: '',
21 silly publish   license: 'ISC',
21 silly publish   dependencies:
21 silly publish    { express: '^4.14.0',
21 silly publish      handlebars: '^4.0.5',
21 silly publish      nightmare: '^2.6.1',
21 silly publish      through2: '^2.0.1' },
21 silly publish   devDependencies: { gulp: 'github:gulpjs/gulp#4.0' },
21 silly publish   readme: '"# svg-converter" \r\n',
21 silly publish   readmeFilename: 'README.md',
21 silly publish   gitHead: 'f134c3579007b82e50aa2c3c104d67df9e4a4494',
21 silly publish   _id: 'png-fallbacks@1.0.0',
21 silly publish   _shasum: '43e9611f8f78455844de94dcef935b18708f4877',
21 silly publish   _from: '.' }
22 verbose getPublishConfig undefined
23 silly mapToRegistry name png-fallbacks
24 silly mapToRegistry using default registry
25 silly mapToRegistry registry https://registry.npmjs.org/
26 silly mapToRegistry data Result {
26 silly mapToRegistry   raw: 'png-fallbacks',
26 silly mapToRegistry   scope: null,
26 silly mapToRegistry   name: 'png-fallbacks',
26 silly mapToRegistry   rawSpec: '',
26 silly mapToRegistry   spec: 'latest',
26 silly mapToRegistry   type: 'tag' }
27 silly mapToRegistry uri https://registry.npmjs.org/png-fallbacks
28 verbose publish registryBase https://registry.npmjs.org/
29 silly publish uploading C:\Users\lfalda\AppData\Roaming\npm-cache\png-fallbacks\1.0.0\package.tgz
30 verbose request uri https://registry.npmjs.org/png-fallbacks
31 verbose request sending authorization for write operation
32 info attempt registry request try #1 at 17:12:11
33 verbose request using bearer token for auth
34 verbose request id b10032bb82f1b3ca
35 http request PUT https://registry.npmjs.org/png-fallbacks
36 http 403 https://registry.npmjs.org/png-fallbacks
37 verbose headers { 'content-type': 'application/json',
37 verbose headers   'cache-control': 'max-age=300',
37 verbose headers   'content-length': '95',
37 verbose headers   'accept-ranges': 'bytes',
37 verbose headers   date: 'Wed, 12 Oct 2016 15:12:13 GMT',
37 verbose headers   via: '1.1 varnish',
37 verbose headers   connection: 'keep-alive',
37 verbose headers   'x-served-by': 'cache-lcy1122-LCY',
37 verbose headers   'x-cache': 'MISS',
37 verbose headers   'x-cache-hits': '0',
37 verbose headers   'x-timer': 'S1476285132.079882,VS0,VE968',
37 verbose headers   vary: 'Accept-Encoding' }
38 verbose request invalidating C:\Users\lfalda\AppData\Roaming\npm-cache\registry.npmjs.org\png-fallbacks on PUT
39 error publish Failed PUT 403
40 verbose stack Error: "You cannot publish over the previously published version 1.0.0." : png-fallbacks
40 verbose stack     at makeError (C:\Program Files\nodejs\node_modules\npm\node_modules\npm-registry-client\lib\request.js:264:12)
40 verbose stack     at CachingRegistryClient.<anonymous> (C:\Program Files\nodejs\node_modules\npm\node_modules\npm-registry-client\lib\request.js:252:14)
40 verbose stack     at Request._callback (C:\Program Files\nodejs\node_modules\npm\node_modules\npm-registry-client\lib\request.js:172:14)
40 verbose stack     at Request.self.callback (C:\Program Files\nodejs\node_modules\npm\node_modules\request\request.js:200:22)
40 verbose stack     at emitTwo (events.js:106:13)
40 verbose stack     at Request.emit (events.js:191:7)
40 verbose stack     at Request.<anonymous> (C:\Program Files\nodejs\node_modules\npm\node_modules\request\request.js:1067:10)
40 verbose stack     at emitOne (events.js:101:20)
40 verbose stack     at Request.emit (events.js:188:7)
40 verbose stack     at IncomingMessage.<anonymous> (C:\Program Files\nodejs\node_modules\npm\node_modules\request\request.js:988:12)
41 verbose statusCode 403
42 verbose pkgid png-fallbacks
43 verbose cwd C:\www\svg-converter
44 error Windows_NT 6.3.9600
45 error argv "C:\\Program Files\\nodejs\\node.exe" "C:\\Program Files\\nodejs\\node_modules\\npm\\bin\\npm-cli.js" "publish"
46 error node v6.2.0
47 error npm  v3.8.9
48 error code E403
49 error "You cannot publish over the previously published version 1.0.0." : png-fallbacks
50 error If you need help, you may report this error at:
50 error     <https://github.com/npm/npm/issues>
51 verbose exit [ 1, true ]
